<?xml version="1.0" encoding="UTF-8"?>
<!-- Generated by org.testng.reporters.JUnitReportReporter -->
<testsuite hostname="balaji" failures="0" tests="1" name="com.w2a.rough.TestExcelReader" time="0.021" errors="0" timestamp="2021-01-19T16:07:01 IST" skipped="0">
  <testcase classname="com.w2a.rough.TestExcelReader" name="testExcelReader" time="0.021"/>
  <system-out/>
</testsuite> <!-- com.w2a.rough.TestExcelReader -->
