<?xml version="1.0" encoding="UTF-8"?>
<!-- Generated by org.testng.reporters.JUnitReportReporter -->
<testsuite hostname="balaji" failures="0" tests="1" name="com.w2a.testcases.BankManagerLoginTest" time="1.787" errors="0" timestamp="2021-01-18T15:14:19 IST" skipped="0">
  <testcase classname="com.w2a.testcases.BankManagerLoginTest" name="bankManagerLoginTest" time="1.787"/>
  <system-out>
Capturing screenshot <br> <a target="_blank" href=Mon_Jan_18_15_14_12_IST_2021.jpg>Screenshot</a> <br> <a target="_blank" href=Mon_Jan_18_15_14_12_IST_2021.jpg><img src=Mon_Jan_18_15_14_12_IST_2021.jpg height=200 width=200></img></a>  </system-out>
</testsuite> <!-- com.w2a.testcases.BankManagerLoginTest -->
